2019-11-24 | 09:26:20.713 | [] |  INFO | CarsAwsomeApplication          | (    50) | Starting CarsAwsomeApplication on LenovoL530 with PID 3584 (started by Lenovo L530 in C:\Users\Lenovo L530\Desktop\java\cars-awsome (3))
2019-11-24 | 09:26:20.729 | [] |  INFO | CarsAwsomeApplication          | (   648) | No active profile set, falling back to default profiles: default
2019-11-24 | 09:26:23.057 | [] |  INFO | RepositoryConfigurationDelegate | (   244) | Multiple Spring Data modules found, entering strict repository configuration mode!
2019-11-24 | 09:26:23.057 | [] |  INFO | RepositoryConfigurationDelegate | (   126) | Bootstrapping Spring Data repositories in DEFAULT mode.
2019-11-24 | 09:26:23.229 | [] |  INFO | RepositoryConfigurationDelegate | (   182) | Finished Spring Data repository scanning in 157ms. Found 3 repository interfaces.
2019-11-24 | 09:26:23.244 | [] |  INFO | RepositoryConfigurationDelegate | (   244) | Multiple Spring Data modules found, entering strict repository configuration mode!
2019-11-24 | 09:26:23.244 | [] |  INFO | RepositoryConfigurationDelegate | (   126) | Bootstrapping Spring Data repositories in DEFAULT mode.
2019-11-24 | 09:26:23.322 | [] |  INFO | RepositoryConfigurationDelegate | (   182) | Finished Spring Data repository scanning in 62ms. Found 3 repository interfaces.
2019-11-24 | 09:26:24.041 | [] |  INFO | essorRegistrationDelegate$BeanPostProcessorChecker | (   330) | Bean 'org.springframework.transaction.annotation.ProxyTransactionManagementConfiguration' of type [org.springframework.transaction.annotation.ProxyTransactionManagementConfiguration$$EnhancerBySpringCGLIB$$e592d7a] is not eligible for getting processed by all BeanPostProcessors (for example: not eligible for auto-proxying)
2019-11-24 | 09:26:24.510 | [] |  INFO | TomcatWebServer                | (    90) | Tomcat initialized with port(s): 8080 (http)
2019-11-24 | 09:26:24.557 | [] |  INFO | StandardService                | (   173) | Starting service [Tomcat]
2019-11-24 | 09:26:24.557 | [] |  INFO | StandardEngine                 | (   173) | Starting Servlet engine: [Apache Tomcat/9.0.26]
2019-11-24 | 09:26:24.854 | [] |  INFO | [/]                            | (   173) | Initializing Spring embedded WebApplicationContext
2019-11-24 | 09:26:24.854 | [] |  INFO | ContextLoader                  | (   284) | Root WebApplicationContext: initialization completed in 3953 ms
2019-11-24 | 09:26:25.150 | [] |  INFO | HikariDataSource               | (   110) | HikariPool-1 - Starting...
2019-11-24 | 09:26:26.479 | [] |  INFO | HikariDataSource               | (   123) | HikariPool-1 - Start completed.
2019-11-24 | 09:26:26.557 | [] |  INFO | LogHelper                      | (    31) | HHH000204: Processing PersistenceUnitInfo [
	name: default
	...]
2019-11-24 | 09:26:26.822 | [] |  INFO | Version                        | (    46) | HHH000412: Hibernate Core {5.3.12.Final}
2019-11-24 | 09:26:26.822 | [] |  INFO | Environment                    | (   213) | HHH000206: hibernate.properties not found
2019-11-24 | 09:26:27.088 | [] |  INFO | Version                        | (    49) | HCANN000001: Hibernate Commons Annotations {5.0.4.Final}
2019-11-24 | 09:26:27.369 | [] |  INFO | Dialect                        | (   157) | HHH000400: Using dialect: org.hibernate.dialect.PostgreSQL95Dialect
2019-11-24 | 09:26:27.572 | [] |  INFO | LobCreatorBuilderImpl          | (    85) | HHH000421: Disabling contextual LOB creation as hibernate.jdbc.lob.non_contextual_creation is true
2019-11-24 | 09:26:27.588 | [] |  INFO | BasicTypeRegistry              | (   159) | HHH000270: Type registration [java.util.UUID] overrides previous : org.hibernate.type.UUIDBinaryType@f0020b1
2019-11-24 | 09:26:28.650 | [] |  INFO | LocalContainerEntityManagerFactoryBean | (   416) | Initialized JPA EntityManagerFactory for persistence unit 'default'
2019-11-24 | 09:26:29.057 | [] |  INFO | QueryTranslatorFactoryInitiator | (    47) | HHH000397: Using ASTQueryTranslatorFactory
2019-11-24 | 09:26:29.838 | [] |  INFO | PropertySourcedRequestMappingHandlerMapping | (    69) | Mapped URL path [/v2/api-docs] onto method [public org.springframework.http.ResponseEntity<springfox.documentation.spring.web.json.Json> springfox.documentation.swagger2.web.Swagger2Controller.getDocumentation(java.lang.String,javax.servlet.http.HttpServletRequest)]
2019-11-24 | 09:26:30.010 | [] |  INFO | ThreadPoolTaskExecutor         | (   171) | Initializing ExecutorService 'applicationTaskExecutor'
2019-11-24 | 09:26:30.072 | [] |  INFO | WelcomePageHandlerMapping      | (    58) | Adding welcome page template: index
2019-11-24 | 09:26:30.353 | [] |  INFO | DocumentationPluginsBootstrapper | (   160) | Context refreshed
2019-11-24 | 09:26:30.369 | [] |  INFO | DocumentationPluginsBootstrapper | (   163) | Found 1 custom documentation plugin(s)
2019-11-24 | 09:26:30.432 | [] |  INFO | ApiListingReferenceScanner     | (    41) | Scanning for api listing references
2019-11-24 | 09:26:30.635 | [] |  INFO | CachingOperationNameGenerator  | (    40) | Generating unique operation named: createCarUsingPOST_1
2019-11-24 | 09:26:30.635 | [] |  INFO | CachingOperationNameGenerator  | (    40) | Generating unique operation named: getCarsUsingGET_1
2019-11-24 | 09:26:30.635 | [] |  INFO | CachingOperationNameGenerator  | (    40) | Generating unique operation named: getCarsUsingGET_2
2019-11-24 | 09:26:30.650 | [] |  INFO | CachingOperationNameGenerator  | (    40) | Generating unique operation named: getCarTypesUsingGET_1
2019-11-24 | 09:26:30.650 | [] |  INFO | CachingOperationNameGenerator  | (    40) | Generating unique operation named: updateCarTypeUsingPUT_1
2019-11-24 | 09:26:30.713 | [] |  INFO | TomcatWebServer                | (   202) | Tomcat started on port(s): 8080 (http) with context path ''
2019-11-24 | 09:26:30.713 | [] |  INFO | CarsAwsomeApplication          | (    59) | Started CarsAwsomeApplication in 11.094 seconds (JVM running for 13.514)
2019-11-24 | 09:28:14.180 | [] |  INFO | [/]                            | (   173) | Initializing Spring DispatcherServlet 'dispatcherServlet'
2019-11-24 | 09:28:14.182 | [] |  INFO | DispatcherServlet              | (   525) | Initializing Servlet 'dispatcherServlet'
2019-11-24 | 09:28:14.206 | [] |  INFO | DispatcherServlet              | (   547) | Completed initialization in 23 ms
